<?xml version="1.0" encoding="UTF-8"?>
<robot generator="Robot 6.0.2 (Python 3.12.1 on win32)" generated="20240709 12:08:00.533" rpa="false" schemaversion="3">
<suite id="s1" name="Tests" source="C:\Anugal_Testing\Anugal\Tests">
<kw name="Setup highest level suite" type="SETUP">
<kw name="Set Variable" library="BuiltIn">
<var>${d.test_server}</var>
<arg>${test_server}</arg>
<doc>Returns the given values which can then be assigned to a variables.</doc>
<msg timestamp="20240709 12:08:01.325" level="INFO">${d.test_server} = Dev</msg>
<status status="PASS" starttime="20240709 12:08:01.325" endtime="20240709 12:08:01.325"/>
</kw>
<kw name="Reset screenshot count variable" library="Support">
<kw name="Set Variable" library="BuiltIn">
<var>${screenshotCount}</var>
<arg>${PABOTQUEUEINDEX}_1</arg>
<doc>Returns the given values which can then be assigned to a variables.</doc>
<msg timestamp="20240709 12:08:01.326" level="INFO">${screenshotCount} = 0_1</msg>
<status status="PASS" starttime="20240709 12:08:01.326" endtime="20240709 12:08:01.326"/>
</kw>
<kw name="Set Global Variable" library="BuiltIn">
<arg>${screenshotCount}</arg>
<doc>Makes a variable available globally in all tests and suites.</doc>
<msg timestamp="20240709 12:08:01.327" level="INFO">${screenshotCount} = 0_1</msg>
<status status="PASS" starttime="20240709 12:08:01.326" endtime="20240709 12:08:01.327"/>
</kw>
<kw name="Set up screenshot directory" library="Support">
<kw name="Create Directory" library="OperatingSystem">
<arg>${OUTPUTDIR}${/}${wvar('screenshot_dir')}</arg>
<doc>Creates the specified directory.</doc>
<msg timestamp="20240709 12:08:01.328" level="INFO">Web.Dev.screenshot_dir: Screenshot</msg>
<msg timestamp="20240709 12:08:01.332" level="INFO" html="true">Created directory '&lt;a href="file://C:\Anugal_Testing\Anugal\Output\pabot_results\0\Screenshot"&gt;C:\Anugal_Testing\Anugal\Output\pabot_results\0\Screenshot&lt;/a&gt;'.</msg>
<status status="PASS" starttime="20240709 12:08:01.327" endtime="20240709 12:08:01.332"/>
</kw>
<status status="PASS" starttime="20240709 12:08:01.327" endtime="20240709 12:08:01.333"/>
</kw>
<status status="PASS" starttime="20240709 12:08:01.326" endtime="20240709 12:08:01.333"/>
</kw>
<kw name="Set Global Variable" library="BuiltIn">
<arg>${screenshot_taking}</arg>
<arg>${True}</arg>
<doc>Makes a variable available globally in all tests and suites.</doc>
<msg timestamp="20240709 12:08:01.333" level="INFO">${screenshot_taking} = True</msg>
<status status="PASS" starttime="20240709 12:08:01.333" endtime="20240709 12:08:01.333"/>
</kw>
<kw name="Setup linux execution" library="Support">
<kw name="Run Keyword And Return Status" library="BuiltIn">
<var>${web_test_check}</var>
<arg>Variable Should Exist</arg>
<arg>${web_test}</arg>
<doc>Runs the given keyword with given arguments and returns the status as a Boolean value.</doc>
<kw name="Variable Should Exist" library="BuiltIn">
<arg>${web_test}</arg>
<doc>Fails unless the given variable exists within the current scope.</doc>
<status status="PASS" starttime="20240709 12:08:01.334" endtime="20240709 12:08:01.334"/>
</kw>
<msg timestamp="20240709 12:08:01.334" level="INFO">${web_test_check} = True</msg>
<status status="PASS" starttime="20240709 12:08:01.334" endtime="20240709 12:08:01.334"/>
</kw>
<kw name="Run Keyword If" library="BuiltIn">
<arg>${web_test_check}</arg>
<arg>Setup Docker Execution Options</arg>
<doc>Runs the given keyword with the given arguments, if ``condition`` is true.</doc>
<kw name="Setup Docker Execution Options" library="Support_Web">
<kw name="Setup Suite Metadata" library="Support_Web">
<arg>${browser}</arg>
<kw name="Get Browser Metadata" library="BrowserSupport">
<var>&amp;{browser_information}</var>
<arg>browser=${browser}</arg>
<doc>Fetches browser metadata information
:param browser: Name of the browser for which information is fetched
:param reload: Re-read the metadata based on the browser
:return: Browser metadata information, dict of format
            {"browser_version": browser version value,
             "driver_version": driver version value}</doc>
<msg timestamp="20240709 12:08:04.471" level="INFO">&amp;{browser_information} = { browser_version=126.0.6478.127 | driver_version=126.0.6478.62  }</msg>
<status status="PASS" starttime="20240709 12:08:01.335" endtime="20240709 12:08:04.471"/>
</kw>
<kw name="Set Suite Metadata" library="BuiltIn">
<arg>test_browser_name</arg>
<arg>${browser}</arg>
<doc>Sets metadata for the current test suite.</doc>
<msg timestamp="20240709 12:08:04.471" level="INFO">Set suite metadata 'test_browser_name' to value 'chrome'.</msg>
<status status="PASS" starttime="20240709 12:08:04.471" endtime="20240709 12:08:04.471"/>
</kw>
<kw name="Set Suite Metadata" library="BuiltIn">
<arg>test_browser_version</arg>
<arg>${browser_information.browser_version}</arg>
<doc>Sets metadata for the current test suite.</doc>
<msg timestamp="20240709 12:08:04.471" level="INFO">Set suite metadata 'test_browser_version' to value '126.0.6478.127'.</msg>
<status status="PASS" starttime="20240709 12:08:04.471" endtime="20240709 12:08:04.471"/>
</kw>
<kw name="Set Suite Metadata" library="BuiltIn">
<arg>test_driver_version</arg>
<arg>${browser_information.driver_version}</arg>
<doc>Sets metadata for the current test suite.</doc>
<msg timestamp="20240709 12:08:04.471" level="INFO">Set suite metadata 'test_driver_version' to value '126.0.6478.62 '.</msg>
<status status="PASS" starttime="20240709 12:08:04.471" endtime="20240709 12:08:04.471"/>
</kw>
<status status="PASS" starttime="20240709 12:08:01.335" endtime="20240709 12:08:04.471"/>
</kw>
<kw name="Setup Global Docker Execution Options" library="Support_Web">
<kw name="Set Global Variable" library="BuiltIn">
<arg>${global_browser_options}</arg>
<arg>None</arg>
<doc>Makes a variable available globally in all tests and suites.</doc>
<msg timestamp="20240709 12:08:04.471" level="INFO">${global_browser_options} = None</msg>
<status status="PASS" starttime="20240709 12:08:04.471" endtime="20240709 12:08:04.471"/>
</kw>
<kw name="Get Environment Variable" library="OperatingSystem">
<var>${docker_check}</var>
<arg>EXECUTION_ENVIRONMENT</arg>
<arg>not_found</arg>
<doc>Returns the value of an environment variable with the given name.</doc>
<msg timestamp="20240709 12:08:04.471" level="INFO">${docker_check} = not_found</msg>
<status status="PASS" starttime="20240709 12:08:04.471" endtime="20240709 12:08:04.471"/>
</kw>
<kw name="Run Keyword And Return If" library="BuiltIn">
<arg>"${docker_check}"!="docker"</arg>
<arg>Log</arg>
<arg>Not executing on Docker</arg>
<doc>Runs the specified keyword and returns from the enclosing user keyword.</doc>
<kw name="Log" library="BuiltIn">
<arg>Not executing on Docker</arg>
<doc>Logs the given message with the given level.</doc>
<msg timestamp="20240709 12:08:04.471" level="INFO">Not executing on Docker</msg>
<status status="PASS" starttime="20240709 12:08:04.471" endtime="20240709 12:08:04.471"/>
</kw>
<msg timestamp="20240709 12:08:04.471" level="INFO">Returning from the enclosing user keyword.</msg>
<status status="PASS" starttime="20240709 12:08:04.471" endtime="20240709 12:08:04.471"/>
</kw>
<kw name="Create List" library="BuiltIn">
<var>@{options}</var>
<arg>--headless</arg>
<arg>--no-sandbox</arg>
<arg>--disable-dev-shm-usage</arg>
<doc>Returns a list containing given items.</doc>
<status status="NOT RUN" starttime="20240709 12:08:04.471" endtime="20240709 12:08:04.471"/>
</kw>
<kw name="Set Global Variable" library="BuiltIn">
<arg>@{docker_options}</arg>
<arg>@{options}</arg>
<doc>Makes a variable available globally in all tests and suites.</doc>
<status status="NOT RUN" starttime="20240709 12:08:04.471" endtime="20240709 12:08:04.471"/>
</kw>
<status status="PASS" starttime="20240709 12:08:04.471" endtime="20240709 12:08:04.471"/>
</kw>
<kw name="Create Webdriver for chrome preferences" library="Support_Web">
<kw name="Update Docker Execution Options" library="Support_Web">
<var>${list_prefs}</var>
<arg>${list_prefs}</arg>
<kw name="Run Keyword And Return Status" library="BuiltIn">
<var>${docker_check}</var>
<arg>Variable Should Exist</arg>
<arg>${docker_options}</arg>
<doc>Runs the given keyword with given arguments and returns the status as a Boolean value.</doc>
<kw name="Variable Should Exist" library="BuiltIn">
<arg>${docker_options}</arg>
<doc>Fails unless the given variable exists within the current scope.</doc>
<msg timestamp="20240709 12:08:04.471" level="FAIL">Variable '${docker_options}' does not exist.</msg>
<status status="FAIL" starttime="20240709 12:08:04.471" endtime="20240709 12:08:04.471"/>
</kw>
<msg timestamp="20240709 12:08:04.471" level="INFO">${docker_check} = False</msg>
<status status="PASS" starttime="20240709 12:08:04.471" endtime="20240709 12:08:04.471"/>
</kw>
<kw name="Get Length" library="BuiltIn">
<var>${list_prefs_length}</var>
<arg>${list_prefs}</arg>
<doc>Returns and logs the length of the given item as an integer.</doc>
<msg timestamp="20240709 12:08:04.471" level="INFO">Length is 1</msg>
<msg timestamp="20240709 12:08:04.471" level="INFO">${list_prefs_length} = 1</msg>
<status status="PASS" starttime="20240709 12:08:04.471" endtime="20240709 12:08:04.471"/>
</kw>
<kw name="Run Keyword If" library="BuiltIn">
<var>${list_prefs}</var>
<arg>${docker_check} and ${list_prefs_length}&gt;0 and ${list_prefs}[0] != []</arg>
<arg>Combine Lists</arg>
<arg>${list_prefs}</arg>
<arg>${docker_options}</arg>
<arg>ELSE IF</arg>
<arg>${docker_check}</arg>
<arg>Set Variable</arg>
<arg>${docker_options}</arg>
<arg>ELSE</arg>
<arg>Set Variable</arg>
<arg>${list_prefs}</arg>
<doc>Runs the given keyword with the given arguments, if ``condition`` is true.</doc>
<kw name="Set Variable" library="BuiltIn">
<arg>${list_prefs}</arg>
<doc>Returns the given values which can then be assigned to a variables.</doc>
<status status="PASS" starttime="20240709 12:08:04.471" endtime="20240709 12:08:04.471"/>
</kw>
<msg timestamp="20240709 12:08:04.471" level="INFO">${list_prefs} = [[]]</msg>
<status status="PASS" starttime="20240709 12:08:04.471" endtime="20240709 12:08:04.471"/>
</kw>
<msg timestamp="20240709 12:08:04.471" level="INFO">${list_prefs} = [[]]</msg>
<status status="PASS" starttime="20240709 12:08:04.471" endtime="20240709 12:08:04.471"/>
</kw>
<kw name="Create Chrome Options for download preferences" library="Support_Web">
<var>${chrome_options}</var>
<kw name="Evaluate" library="BuiltIn">
<var>${chrome_options}</var>
<arg>sys.modules['selenium.webdriver'].ChromeOptions()</arg>
<arg>sys</arg>
<doc>Evaluates the given expression in Python and returns the result.</doc>
<msg timestamp="20240709 12:08:04.471" level="INFO">${chrome_options} = &lt;selenium.webdriver.chrome.options.Options object at 0x000001D4D51A2690&gt;</msg>
<status status="PASS" starttime="20240709 12:08:04.471" endtime="20240709 12:08:04.471"/>
</kw>
<msg timestamp="20240709 12:08:04.471" level="INFO">${chrome_options} = &lt;selenium.webdriver.chrome.options.Options object at 0x000001D4D51A2690&gt;</msg>
<status status="PASS" starttime="20240709 12:08:04.471" endtime="20240709 12:08:04.471"/>
</kw>
<kw name="Update Preferences List" library="Support_Web">
<arg>${chrome_options}</arg>
<arg>@{list_prefs}</arg>
<kw name="Convert To String" library="BuiltIn">
<var>${string_prefs}</var>
<arg>${list_prefs}</arg>
<doc>Converts the given item to a Unicode string.</doc>
<msg timestamp="20240709 12:08:04.471" level="INFO">${string_prefs} = [[]]</msg>
<status status="PASS" starttime="20240709 12:08:04.471" endtime="20240709 12:08:04.471"/>
</kw>
<kw name="Return From Keyword If" library="BuiltIn">
<arg>${string_prefs} == [[]]</arg>
<doc>Returns from the enclosing user keyword if ``condition`` is true.</doc>
<msg timestamp="20240709 12:08:04.471" level="INFO">Returning from the enclosing user keyword.</msg>
<status status="PASS" starttime="20240709 12:08:04.471" endtime="20240709 12:08:04.471"/>
</kw>
<for flavor="IN">
<var>${preference}</var>
<value>@{list_prefs}</value>
<iter>
<var name="${preference}"/>
<kw name="Call Method" library="BuiltIn">
<arg>${chrome_options}</arg>
<arg>add_argument</arg>
<arg>${preference}</arg>
<doc>Calls the named method of the given object with the provided arguments.</doc>
<status status="NOT RUN" starttime="20240709 12:08:04.471" endtime="20240709 12:08:04.471"/>
</kw>
<status status="NOT RUN" starttime="20240709 12:08:04.471" endtime="20240709 12:08:04.471"/>
</iter>
<status status="NOT RUN" starttime="20240709 12:08:04.471" endtime="20240709 12:08:04.471"/>
</for>
<status status="PASS" starttime="20240709 12:08:04.471" endtime="20240709 12:08:04.471"/>
</kw>
<kw name="Call Method" library="BuiltIn">
<arg>${chrome_options}</arg>
<arg>add_experimental_option</arg>
<arg>prefs</arg>
<arg>${kw_prefs}</arg>
<doc>Calls the named method of the given object with the provided arguments.</doc>
<status status="PASS" starttime="20240709 12:08:04.471" endtime="20240709 12:08:04.485"/>
</kw>
<kw name="Set Global Variable" library="BuiltIn">
<arg>${global_browser_options}</arg>
<arg>${chrome options}</arg>
<doc>Makes a variable available globally in all tests and suites.</doc>
<msg timestamp="20240709 12:08:04.485" level="INFO">${global_browser_options} = &lt;selenium.webdriver.chrome.options.Options object at 0x000001D4D51A2690&gt;</msg>
<status status="PASS" starttime="20240709 12:08:04.485" endtime="20240709 12:08:04.485"/>
</kw>
<status status="PASS" starttime="20240709 12:08:04.471" endtime="20240709 12:08:04.485"/>
</kw>
<status status="PASS" starttime="20240709 12:08:01.335" endtime="20240709 12:08:04.485"/>
</kw>
<status status="PASS" starttime="20240709 12:08:01.334" endtime="20240709 12:08:04.485"/>
</kw>
<status status="PASS" starttime="20240709 12:08:01.333" endtime="20240709 12:08:04.485"/>
</kw>
<kw name="Set Suite Metadata" library="BuiltIn">
<arg>environment</arg>
<arg>${test_server}</arg>
<doc>Sets metadata for the current test suite.</doc>
<msg timestamp="20240709 12:08:04.485" level="INFO">Set suite metadata 'environment' to value 'Dev'.</msg>
<status status="PASS" starttime="20240709 12:08:04.485" endtime="20240709 12:08:04.485"/>
</kw>
<status status="PASS" starttime="20240709 12:08:01.324" endtime="20240709 12:08:04.485"/>
</kw>
<suite id="s1-s1" name="Test Role configuration" source="C:\Anugal_Testing\Anugal\Tests\Test_Role_configuration.robot">
<test id="s1-s1-t1" name="Start TestCase" line="6">
<kw name="Start TestCase" library="Role_configuration">
<kw name="Log" library="BuiltIn">
<arg>Opening browser</arg>
<doc>Logs the given message with the given level.</doc>
<msg timestamp="20240709 12:08:04.492" level="INFO">Opening browser</msg>
<status status="PASS" starttime="20240709 12:08:04.492" endtime="20240709 12:08:04.492"/>
</kw>
<kw name="Open Browser" library="SeleniumLibrary">
<arg>${angvar('url')}</arg>
<arg>${angvar('browser')}</arg>
<doc>Opens a new browser instance to the optional ``url``.</doc>
<msg timestamp="20240709 12:08:04.492" level="INFO">Ang.Dev.url: https://dev.anugalid.com/login</msg>
<msg timestamp="20240709 12:08:04.492" level="INFO">Ang.Dev.browser: Chrome</msg>
<msg timestamp="20240709 12:08:04.492" level="INFO">Opening browser 'Chrome' to base url 'https://dev.anugalid.com/login'.</msg>
<status status="PASS" starttime="20240709 12:08:04.492" endtime="20240709 12:08:06.770"/>
</kw>
<status status="PASS" starttime="20240709 12:08:04.492" endtime="20240709 12:08:06.771"/>
</kw>
<tag>role_configuration</tag>
<status status="PASS" starttime="20240709 12:08:04.492" endtime="20240709 12:08:06.771"/>
</test>
<test id="s1-s1-t2" name="Submit Anugal username and password" line="9">
<kw name="Submit Anugal username and password" library="Role_configuration">
<kw name="Wait Until Element Is Visible" library="SeleniumLibrary">
<arg>${angvar('user_text_box')}</arg>
<doc>Waits until the element ``locator`` is visible.</doc>
<msg timestamp="20240709 12:08:06.782" level="INFO">Ang.Dev.user_text_box: id:emailId</msg>
<status status="PASS" starttime="20240709 12:08:06.780" endtime="20240709 12:08:07.016"/>
</kw>
<kw name="Sleep" library="BuiltIn">
<arg>10</arg>
<doc>Pauses the test executed for the given time.</doc>
<msg timestamp="20240709 12:08:17.017" level="INFO">Slept 10 seconds</msg>
<status status="PASS" starttime="20240709 12:08:07.016" endtime="20240709 12:08:17.017"/>
</kw>
<kw name="Click Element" library="SeleniumLibrary">
<arg>xpath:(//div[@class='MuiStack-root css-1ed5314']//button)[2]</arg>
<doc>Click the element identified by ``locator``.</doc>
<msg timestamp="20240709 12:08:17.018" level="INFO">Clicking element 'xpath:(//div[@class='MuiStack-root css-1ed5314']//button)[2]'.</msg>
<status status="PASS" starttime="20240709 12:08:17.017" endtime="20240709 12:08:17.093"/>
</kw>
<kw name="Sleep" library="BuiltIn">
<arg>5</arg>
<doc>Pauses the test executed for the given time.</doc>
<msg timestamp="20240709 12:08:22.093" level="INFO">Slept 5 seconds</msg>
<status status="PASS" starttime="20240709 12:08:17.093" endtime="20240709 12:08:22.093"/>
</kw>
<kw name="Input Text" library="SeleniumLibrary">
<arg>xpath://*[@id="i0116"]</arg>
<arg>malayranjan.s@basiscloudsolutions.com</arg>
<doc>Types the given ``text`` into the text field identified by ``locator``.</doc>
<msg timestamp="20240709 12:08:22.093" level="INFO">Typing text 'malayranjan.s@basiscloudsolutions.com' into text field 'xpath://*[@id="i0116"]'.</msg>
<status status="PASS" starttime="20240709 12:08:22.093" endtime="20240709 12:08:22.235"/>
</kw>
<kw name="Sleep" library="BuiltIn">
<arg>3</arg>
<doc>Pauses the test executed for the given time.</doc>
<msg timestamp="20240709 12:08:25.237" level="INFO">Slept 3 seconds</msg>
<status status="PASS" starttime="20240709 12:08:22.235" endtime="20240709 12:08:25.237"/>
</kw>
<kw name="Click Element" library="SeleniumLibrary">
<arg>xpath://*[@id="idSIButton9"]</arg>
<doc>Click the element identified by ``locator``.</doc>
<msg timestamp="20240709 12:08:25.237" level="INFO">Clicking element 'xpath://*[@id="idSIButton9"]'.</msg>
<status status="PASS" starttime="20240709 12:08:25.237" endtime="20240709 12:08:25.289"/>
</kw>
<kw name="Wait Until Element Is Visible" library="SeleniumLibrary">
<arg>xpath://*[@id="i0118"]</arg>
<arg>60s</arg>
<doc>Waits until the element ``locator`` is visible.</doc>
<status status="PASS" starttime="20240709 12:08:25.289" endtime="20240709 12:08:26.176"/>
</kw>
<kw name="Input Text" library="SeleniumLibrary">
<arg>xpath://*[@id="i0118"]</arg>
<arg>Malay@Ranjan!@#</arg>
<doc>Types the given ``text`` into the text field identified by ``locator``.</doc>
<msg timestamp="20240709 12:08:26.177" level="INFO">Typing text 'Malay@Ranjan!@#' into text field 'xpath://*[@id="i0118"]'.</msg>
<status status="PASS" starttime="20240709 12:08:26.176" endtime="20240709 12:08:26.256"/>
</kw>
<kw name="Click Element" library="SeleniumLibrary">
<arg>xpath://*[@id="idSIButton9"]</arg>
<doc>Click the element identified by ``locator``.</doc>
<msg timestamp="20240709 12:08:26.257" level="INFO">Clicking element 'xpath://*[@id="idSIButton9"]'.</msg>
<status status="PASS" starttime="20240709 12:08:26.256" endtime="20240709 12:08:26.732"/>
</kw>
<kw name="Sleep" library="BuiltIn">
<arg>2</arg>
<doc>Pauses the test executed for the given time.</doc>
<msg timestamp="20240709 12:08:28.733" level="INFO">Slept 2 seconds</msg>
<status status="PASS" starttime="20240709 12:08:26.733" endtime="20240709 12:08:28.733"/>
</kw>
<kw name="Click Element" library="SeleniumLibrary">
<arg>xpath://*[@id="idBtn_Back"]</arg>
<doc>Click the element identified by ``locator``.</doc>
<msg timestamp="20240709 12:08:28.733" level="INFO">Clicking element 'xpath://*[@id="idBtn_Back"]'.</msg>
<status status="PASS" starttime="20240709 12:08:28.733" endtime="20240709 12:08:30.278"/>
</kw>
<kw name="Sleep" library="BuiltIn">
<arg>5</arg>
<doc>Pauses the test executed for the given time.</doc>
<msg timestamp="20240709 12:08:35.279" level="INFO">Slept 5 seconds</msg>
<status status="PASS" starttime="20240709 12:08:30.278" endtime="20240709 12:08:35.279"/>
</kw>
<kw name="Maximize Browser Window" library="SeleniumLibrary">
<doc>Maximizes current browser window.</doc>
<status status="PASS" starttime="20240709 12:08:35.279" endtime="20240709 12:08:35.317"/>
</kw>
<kw name="Sleep" library="BuiltIn">
<arg>20</arg>
<doc>Pauses the test executed for the given time.</doc>
<msg timestamp="20240709 12:08:55.318" level="INFO">Slept 20 seconds</msg>
<status status="PASS" starttime="20240709 12:08:35.317" endtime="20240709 12:08:55.318"/>
</kw>
<status status="PASS" starttime="20240709 12:08:06.779" endtime="20240709 12:08:55.318"/>
</kw>
<tag>role_configuration</tag>
<status status="PASS" starttime="20240709 12:08:06.773" endtime="20240709 12:08:55.318"/>
</test>
<test id="s1-s1-t3" name="Role_configuartion" line="12">
<kw name="Role_configuartion" library="Role_configuration">
<kw name="Click Element" library="SeleniumLibrary">
<arg>xpath://span[text()='Admin']</arg>
<doc>Click the element identified by ``locator``.</doc>
<msg timestamp="20240709 12:08:55.318" level="INFO">Clicking element 'xpath://span[text()='Admin']'.</msg>
<status status="PASS" starttime="20240709 12:08:55.318" endtime="20240709 12:08:55.433"/>
</kw>
<kw name="Sleep" library="BuiltIn">
<arg>5</arg>
<doc>Pauses the test executed for the given time.</doc>
<msg timestamp="20240709 12:09:00.434" level="INFO">Slept 5 seconds</msg>
<status status="PASS" starttime="20240709 12:08:55.434" endtime="20240709 12:09:00.434"/>
</kw>
<kw name="Click Element" library="SeleniumLibrary">
<arg>xpath://div[text()='Role Configuration']</arg>
<doc>Click the element identified by ``locator``.</doc>
<msg timestamp="20240709 12:09:00.434" level="INFO">Clicking element 'xpath://div[text()='Role Configuration']'.</msg>
<status status="PASS" starttime="20240709 12:09:00.434" endtime="20240709 12:09:00.580"/>
</kw>
<kw name="Sleep" library="BuiltIn">
<arg>5</arg>
<doc>Pauses the test executed for the given time.</doc>
<msg timestamp="20240709 12:09:05.581" level="INFO">Slept 5 seconds</msg>
<status status="PASS" starttime="20240709 12:09:00.580" endtime="20240709 12:09:05.581"/>
</kw>
<kw name="Click Element" library="SeleniumLibrary">
<arg>xpath://button[text()='Create New Role']</arg>
<doc>Click the element identified by ``locator``.</doc>
<msg timestamp="20240709 12:09:05.581" level="INFO">Clicking element 'xpath://button[text()='Create New Role']'.</msg>
<status status="PASS" starttime="20240709 12:09:05.581" endtime="20240709 12:09:05.806"/>
</kw>
<kw name="Sleep" library="BuiltIn">
<arg>2</arg>
<doc>Pauses the test executed for the given time.</doc>
<msg timestamp="20240709 12:09:07.807" level="INFO">Slept 2 seconds</msg>
<status status="PASS" starttime="20240709 12:09:05.807" endtime="20240709 12:09:07.807"/>
</kw>
<kw name="Input Text" library="SeleniumLibrary">
<arg>id:roleConfigName</arg>
<arg>Anugal@123</arg>
<doc>Types the given ``text`` into the text field identified by ``locator``.</doc>
<msg timestamp="20240709 12:09:07.808" level="INFO">Typing text 'Anugal@123' into text field 'id:roleConfigName'.</msg>
<status status="PASS" starttime="20240709 12:09:07.807" endtime="20240709 12:09:08.781"/>
</kw>
<kw name="Sleep" library="BuiltIn">
<arg>1</arg>
<doc>Pauses the test executed for the given time.</doc>
<msg timestamp="20240709 12:09:09.782" level="INFO">Slept 1 second</msg>
<status status="PASS" starttime="20240709 12:09:08.782" endtime="20240709 12:09:09.782"/>
</kw>
<kw name="Input Text" library="SeleniumLibrary">
<arg>id:roleConfigDescription</arg>
<arg>Anugal@test</arg>
<doc>Types the given ``text`` into the text field identified by ``locator``.</doc>
<msg timestamp="20240709 12:09:09.782" level="INFO">Typing text 'Anugal@test' into text field 'id:roleConfigDescription'.</msg>
<status status="PASS" starttime="20240709 12:09:09.782" endtime="20240709 12:09:10.540"/>
</kw>
<kw name="Sleep" library="BuiltIn">
<arg>1</arg>
<doc>Pauses the test executed for the given time.</doc>
<msg timestamp="20240709 12:09:11.541" level="INFO">Slept 1 second</msg>
<status status="PASS" starttime="20240709 12:09:10.540" endtime="20240709 12:09:11.541"/>
</kw>
<kw name="Click Element" library="SeleniumLibrary">
<arg>name:User Administration</arg>
<doc>Click the element identified by ``locator``.</doc>
<msg timestamp="20240709 12:09:11.541" level="INFO">Clicking element 'name:User Administration'.</msg>
<status status="PASS" starttime="20240709 12:09:11.541" endtime="20240709 12:09:11.672"/>
</kw>
<kw name="Sleep" library="BuiltIn">
<arg>2</arg>
<doc>Pauses the test executed for the given time.</doc>
<msg timestamp="20240709 12:09:13.672" level="INFO">Slept 2 seconds</msg>
<status status="PASS" starttime="20240709 12:09:11.672" endtime="20240709 12:09:13.672"/>
</kw>
<kw name="Execute Javascript" library="SeleniumLibrary">
<arg>window.scrollTo(0,400)</arg>
<doc>Executes the given JavaScript code with possible arguments.</doc>
<msg timestamp="20240709 12:09:13.672" level="INFO">Executing JavaScript:
window.scrollTo(0,400)
Without any arguments.</msg>
<status status="PASS" starttime="20240709 12:09:13.672" endtime="20240709 12:09:13.685"/>
</kw>
<kw name="Sleep" library="BuiltIn">
<arg>2</arg>
<doc>Pauses the test executed for the given time.</doc>
<msg timestamp="20240709 12:09:15.685" level="INFO">Slept 2 seconds</msg>
<status status="PASS" starttime="20240709 12:09:13.685" endtime="20240709 12:09:15.685"/>
</kw>
<kw name="Click Element" library="SeleniumLibrary">
<arg>name:My Access</arg>
<doc>Click the element identified by ``locator``.</doc>
<msg timestamp="20240709 12:09:15.685" level="INFO">Clicking element 'name:My Access'.</msg>
<status status="PASS" starttime="20240709 12:09:15.685" endtime="20240709 12:09:15.803"/>
</kw>
<kw name="Sleep" library="BuiltIn">
<arg>2</arg>
<doc>Pauses the test executed for the given time.</doc>
<msg timestamp="20240709 12:09:17.804" level="INFO">Slept 2 seconds</msg>
<status status="PASS" starttime="20240709 12:09:15.803" endtime="20240709 12:09:17.804"/>
</kw>
<kw name="Click Element" library="SeleniumLibrary">
<arg>name:Status</arg>
<doc>Click the element identified by ``locator``.</doc>
<msg timestamp="20240709 12:09:17.804" level="INFO">Clicking element 'name:Status'.</msg>
<status status="PASS" starttime="20240709 12:09:17.804" endtime="20240709 12:09:17.935"/>
</kw>
<kw name="Sleep" library="BuiltIn">
<arg>2</arg>
<doc>Pauses the test executed for the given time.</doc>
<msg timestamp="20240709 12:09:19.935" level="INFO">Slept 2 seconds</msg>
<status status="PASS" starttime="20240709 12:09:17.935" endtime="20240709 12:09:19.935"/>
</kw>
<kw name="Click Element" library="SeleniumLibrary">
<arg>xpath://button[text()='Next']</arg>
<doc>Click the element identified by ``locator``.</doc>
<msg timestamp="20240709 12:09:19.935" level="INFO">Clicking element 'xpath://button[text()='Next']'.</msg>
<status status="PASS" starttime="20240709 12:09:19.935" endtime="20240709 12:09:19.995"/>
</kw>
<kw name="Sleep" library="BuiltIn">
<arg>5</arg>
<doc>Pauses the test executed for the given time.</doc>
<msg timestamp="20240709 12:09:24.995" level="INFO">Slept 5 seconds</msg>
<status status="PASS" starttime="20240709 12:09:19.995" endtime="20240709 12:09:24.995"/>
</kw>
<kw name="Click Element" library="SeleniumLibrary">
<arg>xpath://button[text()='Create']</arg>
<doc>Click the element identified by ``locator``.</doc>
<msg timestamp="20240709 12:09:24.996" level="INFO">Clicking element 'xpath://button[text()='Create']'.</msg>
<status status="PASS" starttime="20240709 12:09:24.995" endtime="20240709 12:09:25.042"/>
</kw>
<kw name="Sleep" library="BuiltIn">
<arg>9</arg>
<doc>Pauses the test executed for the given time.</doc>
<msg timestamp="20240709 12:09:34.043" level="INFO">Slept 9 seconds</msg>
<status status="PASS" starttime="20240709 12:09:25.043" endtime="20240709 12:09:34.043"/>
</kw>
<status status="PASS" starttime="20240709 12:08:55.318" endtime="20240709 12:09:34.043"/>
</kw>
<kw name="Provisioning the role" library="Role_configuration">
<kw name="Click Element" library="SeleniumLibrary">
<arg>xpath:(//input[@type='checkbox'])[1]</arg>
<doc>Click the element identified by ``locator``.</doc>
<msg timestamp="20240709 12:09:34.043" level="INFO">Clicking element 'xpath:(//input[@type='checkbox'])[1]'.</msg>
<status status="PASS" starttime="20240709 12:09:34.043" endtime="20240709 12:09:34.261"/>
</kw>
<kw name="Sleep" library="BuiltIn">
<arg>2</arg>
<doc>Pauses the test executed for the given time.</doc>
<msg timestamp="20240709 12:09:36.261" level="INFO">Slept 2 seconds</msg>
<status status="PASS" starttime="20240709 12:09:34.261" endtime="20240709 12:09:36.261"/>
</kw>
<kw name="Click Element" library="SeleniumLibrary">
<arg>xpath://button[text()='Confirm']</arg>
<doc>Click the element identified by ``locator``.</doc>
<msg timestamp="20240709 12:09:36.261" level="INFO">Clicking element 'xpath://button[text()='Confirm']'.</msg>
<status status="PASS" starttime="20240709 12:09:36.261" endtime="20240709 12:09:36.397"/>
</kw>
<kw name="Sleep" library="BuiltIn">
<arg>5</arg>
<doc>Pauses the test executed for the given time.</doc>
<msg timestamp="20240709 12:09:41.398" level="INFO">Slept 5 seconds</msg>
<status status="PASS" starttime="20240709 12:09:36.398" endtime="20240709 12:09:41.398"/>
</kw>
<status status="PASS" starttime="20240709 12:09:34.043" endtime="20240709 12:09:41.398"/>
</kw>
<kw name="View the role" library="Role_configuration">
<kw name="Click Element" library="SeleniumLibrary">
<arg>xpath:(//span[@aria-label='view'])[1]</arg>
<doc>Click the element identified by ``locator``.</doc>
<msg timestamp="20240709 12:09:41.398" level="INFO">Clicking element 'xpath:(//span[@aria-label='view'])[1]'.</msg>
<status status="PASS" starttime="20240709 12:09:41.398" endtime="20240709 12:09:41.577"/>
</kw>
<kw name="Sleep" library="BuiltIn">
<arg>2</arg>
<doc>Pauses the test executed for the given time.</doc>
<msg timestamp="20240709 12:09:43.578" level="INFO">Slept 2 seconds</msg>
<status status="PASS" starttime="20240709 12:09:41.577" endtime="20240709 12:09:43.578"/>
</kw>
<kw name="Click Element" library="SeleniumLibrary">
<arg>xpath:(//div[@role='button'])[1]</arg>
<doc>Click the element identified by ``locator``.</doc>
<msg timestamp="20240709 12:09:43.578" level="INFO">Clicking element 'xpath:(//div[@role='button'])[1]'.</msg>
<status status="PASS" starttime="20240709 12:09:43.578" endtime="20240709 12:09:43.631"/>
</kw>
<kw name="Sleep" library="BuiltIn">
<arg>2</arg>
<doc>Pauses the test executed for the given time.</doc>
<msg timestamp="20240709 12:09:45.631" level="INFO">Slept 2 seconds</msg>
<status status="PASS" starttime="20240709 12:09:43.631" endtime="20240709 12:09:45.631"/>
</kw>
<kw name="Click Element" library="SeleniumLibrary">
<arg>xpath:(//div[@role='button'])[2]</arg>
<doc>Click the element identified by ``locator``.</doc>
<msg timestamp="20240709 12:09:45.631" level="INFO">Clicking element 'xpath:(//div[@role='button'])[2]'.</msg>
<status status="PASS" starttime="20240709 12:09:45.631" endtime="20240709 12:09:45.679"/>
</kw>
<kw name="Sleep" library="BuiltIn">
<arg>2</arg>
<doc>Pauses the test executed for the given time.</doc>
<msg timestamp="20240709 12:09:47.681" level="INFO">Slept 2 seconds</msg>
<status status="PASS" starttime="20240709 12:09:45.679" endtime="20240709 12:09:47.681"/>
</kw>
<kw name="Click Element" library="SeleniumLibrary">
<arg>xpath://body/div[2]/div[3]/div[1]/div[1]</arg>
<doc>Click the element identified by ``locator``.</doc>
<msg timestamp="20240709 12:09:47.681" level="INFO">Clicking element 'xpath://body/div[2]/div[3]/div[1]/div[1]'.</msg>
<status status="PASS" starttime="20240709 12:09:47.681" endtime="20240709 12:09:47.777"/>
</kw>
<kw name="Sleep" library="BuiltIn">
<arg>2</arg>
<doc>Pauses the test executed for the given time.</doc>
<msg timestamp="20240709 12:09:49.777" level="INFO">Slept 2 seconds</msg>
<status status="PASS" starttime="20240709 12:09:47.777" endtime="20240709 12:09:49.777"/>
</kw>
<status status="PASS" starttime="20240709 12:09:41.398" endtime="20240709 12:09:49.777"/>
</kw>
<kw name="Edit the role" library="Role_configuration">
<kw name="Click Element" library="SeleniumLibrary">
<arg>xpath:(//span[@aria-label='edit'])[1]</arg>
<doc>Click the element identified by ``locator``.</doc>
<msg timestamp="20240709 12:09:49.777" level="INFO">Clicking element 'xpath:(//span[@aria-label='edit'])[1]'.</msg>
<status status="PASS" starttime="20240709 12:09:49.777" endtime="20240709 12:09:49.987"/>
</kw>
<kw name="Sleep" library="BuiltIn">
<arg>5</arg>
<doc>Pauses the test executed for the given time.</doc>
<msg timestamp="20240709 12:09:54.989" level="INFO">Slept 5 seconds</msg>
<status status="PASS" starttime="20240709 12:09:49.987" endtime="20240709 12:09:54.989"/>
</kw>
<kw name="Click Element" library="SeleniumLibrary">
<arg>xpath:(//input[@name='approver'])[2]</arg>
<doc>Click the element identified by ``locator``.</doc>
<msg timestamp="20240709 12:09:54.989" level="INFO">Clicking element 'xpath:(//input[@name='approver'])[2]'.</msg>
<status status="PASS" starttime="20240709 12:09:54.989" endtime="20240709 12:09:55.110"/>
</kw>
<kw name="Sleep" library="BuiltIn">
<arg>2</arg>
<doc>Pauses the test executed for the given time.</doc>
<msg timestamp="20240709 12:09:57.110" level="INFO">Slept 2 seconds</msg>
<status status="PASS" starttime="20240709 12:09:55.110" endtime="20240709 12:09:57.110"/>
</kw>
<kw name="Click Element" library="SeleniumLibrary">
<arg>xpath://button[text()='Next']</arg>
<doc>Click the element identified by ``locator``.</doc>
<msg timestamp="20240709 12:09:57.110" level="INFO">Clicking element 'xpath://button[text()='Next']'.</msg>
<status status="PASS" starttime="20240709 12:09:57.110" endtime="20240709 12:09:57.174"/>
</kw>
<kw name="Sleep" library="BuiltIn">
<arg>2</arg>
<doc>Pauses the test executed for the given time.</doc>
<msg timestamp="20240709 12:09:59.174" level="INFO">Slept 2 seconds</msg>
<status status="PASS" starttime="20240709 12:09:57.174" endtime="20240709 12:09:59.174"/>
</kw>
<kw name="Click Element" library="SeleniumLibrary">
<arg>xpath://span[@sx='[object Object]']//button[1]</arg>
<doc>Click the element identified by ``locator``.</doc>
<msg timestamp="20240709 12:09:59.174" level="INFO">Clicking element 'xpath://span[@sx='[object Object]']//button[1]'.</msg>
<status status="PASS" starttime="20240709 12:09:59.174" endtime="20240709 12:09:59.218"/>
</kw>
<kw name="Sleep" library="BuiltIn">
<arg>8</arg>
<doc>Pauses the test executed for the given time.</doc>
<msg timestamp="20240709 12:10:07.219" level="INFO">Slept 8 seconds</msg>
<status status="PASS" starttime="20240709 12:09:59.218" endtime="20240709 12:10:07.219"/>
</kw>
<status status="PASS" starttime="20240709 12:09:49.777" endtime="20240709 12:10:07.219"/>
</kw>
<kw name="Delete the role" library="Role_configuration">
<kw name="Click Element" library="SeleniumLibrary">
<arg>xpath:(//span[@aria-label='delete'])[1]</arg>
<doc>Click the element identified by ``locator``.</doc>
<msg timestamp="20240709 12:10:07.219" level="INFO">Clicking element 'xpath:(//span[@aria-label='delete'])[1]'.</msg>
<status status="PASS" starttime="20240709 12:10:07.219" endtime="20240709 12:10:07.464"/>
</kw>
<kw name="Sleep" library="BuiltIn">
<arg>2</arg>
<doc>Pauses the test executed for the given time.</doc>
<msg timestamp="20240709 12:10:09.464" level="INFO">Slept 2 seconds</msg>
<status status="PASS" starttime="20240709 12:10:07.464" endtime="20240709 12:10:09.464"/>
</kw>
<kw name="Input Text" library="SeleniumLibrary">
<arg>name:deleteRole</arg>
<arg>Anugal@123</arg>
<doc>Types the given ``text`` into the text field identified by ``locator``.</doc>
<msg timestamp="20240709 12:10:09.464" level="INFO">Typing text 'Anugal@123' into text field 'name:deleteRole'.</msg>
<status status="PASS" starttime="20240709 12:10:09.464" endtime="20240709 12:10:10.017"/>
</kw>
<kw name="Sleep" library="BuiltIn">
<arg>2</arg>
<doc>Pauses the test executed for the given time.</doc>
<msg timestamp="20240709 12:10:12.018" level="INFO">Slept 2 seconds</msg>
<status status="PASS" starttime="20240709 12:10:10.017" endtime="20240709 12:10:12.018"/>
</kw>
<kw name="Click Element" library="SeleniumLibrary">
<arg>xpath://button[text()='Delete']</arg>
<doc>Click the element identified by ``locator``.</doc>
<msg timestamp="20240709 12:10:12.018" level="INFO">Clicking element 'xpath://button[text()='Delete']'.</msg>
<status status="PASS" starttime="20240709 12:10:12.018" endtime="20240709 12:10:12.169"/>
</kw>
<kw name="Sleep" library="BuiltIn">
<arg>5</arg>
<doc>Pauses the test executed for the given time.</doc>
<msg timestamp="20240709 12:10:17.170" level="INFO">Slept 5 seconds</msg>
<status status="PASS" starttime="20240709 12:10:12.170" endtime="20240709 12:10:17.170"/>
</kw>
<status status="PASS" starttime="20240709 12:10:07.219" endtime="20240709 12:10:17.170"/>
</kw>
<tag>role_configuration</tag>
<status status="PASS" starttime="20240709 12:08:55.318" endtime="20240709 12:10:17.170"/>
</test>
<test id="s1-s1-t4" name="Finish TestCase" line="19">
<kw name="Finish TestCase" library="Role_configuration">
<kw name="Close All Browsers" library="SeleniumLibrary">
<doc>Closes all open browsers and resets the browser cache.</doc>
<status status="PASS" starttime="20240709 12:10:17.170" endtime="20240709 12:10:23.457"/>
</kw>
<status status="PASS" starttime="20240709 12:10:17.170" endtime="20240709 12:10:23.457"/>
</kw>
<tag>role_configuration</tag>
<status status="PASS" starttime="20240709 12:10:17.170" endtime="20240709 12:10:23.457"/>
</test>
<status status="PASS" starttime="20240709 12:08:04.485" endtime="20240709 12:10:23.457"/>
</suite>
<doc>Testing functionality through Robot Framework</doc>
<meta name="environment">Dev</meta>
<meta name="test_browser_name">chrome</meta>
<meta name="test_browser_version">126.0.6478.127</meta>
<meta name="test_driver_version">126.0.6478.62 </meta>
<meta name="test_environment">Dev</meta>
<meta name="test_freeze_dependencies">astroid==3.2.2,attrs==23.2.0,beautifulsoup4==4.12.3,bs4==0.0.2,certifi==2024.6.2,cffi==1.16.0,chardet==5.2.0,charset-normalizer==3.3.2,click==8.1.7,colorama==0.4.6,cryptography==42.0.8,defusedxml==0.7.1,dill==0.3.8,docutils==0.21.2,exceptiongroup==1.2.1,gitdb==4.0.11,GitPython==3.1.43,h11==0.14.0,idna==3.7,isort==5.13.2,Jinja2==3.1.4,jira==3.8.0,jsonpath-ng==1.6.1,jsonschema==4.22.0,jsonschema-specifications==2023.12.1,lazy-object-proxy==1.10.0,lxml==5.2.2,markdown-it-py==3.0.0,MarkupSafe==2.1.5,mccabe==0.7.0,mdurl==0.1.2,natsort==8.4.0,oauthlib==3.2.2,outcome==1.3.0.post0,packaging==24.1,pathspec==0.11.2,pillow==10.4.0,pip==24.1.1,platformdirs==4.2.2,ply==3.11,pycparser==2.22,Pygments==2.18.0,pylint==3.2.5,PySocks==1.7.1,pywin32==306,PyYAML==6.0.1,referencing==0.35.1,requests==2.32.3,requests-oauthlib==2.0.0,requests-toolbelt==1.0.0,rich==13.7.1,rich-click==1.6.1,robotframework==6.0.2,robotframework-datadriver==1.9.0,robotframework-jsonlibrary==0.5,robotframework-pabot==2.16.0,robotframework-pythonlibcore==4.2.0,robotframework-requests==0.9.2,robotframework-sapguilibrary==1.1,robotframework-seleniumlibrary==5.1.3,robotframework-stacktrace==0.4.1,robotframework-tidy==4.5.0,rpds-py==0.18.1,selenium==4.9.1,setuptools==70.2.0,smmap==5.0.1,sniffio==1.3.1,sortedcontainers==2.4.0,soupsieve==2.5,tomli==2.0.1,tomlkit==0.12.5,trio==0.25.1,trio-websocket==0.11.1,typing_extensions==4.12.2,urllib3==2.2.2,wheel==0.43.0,wrapt==1.16.0,wsproto==1.2.0</meta>
<status status="PASS" starttime="20240709 12:08:01.032" endtime="20240709 12:10:23.517"/>
</suite>
<statistics>
<total>
<stat pass="4" fail="0" skip="0">All Tests</stat>
</total>
<tag>
<stat pass="4" fail="0" skip="0">role_configuration</stat>
</tag>
<suite>
<stat pass="4" fail="0" skip="0" id="s1" name="Tests">Tests</stat>
<stat pass="4" fail="0" skip="0" id="s1-s1" name="Test Role configuration">Tests.Test Role configuration</stat>
</suite>
</statistics>
<errors>
</errors>
</robot>
